<?xml version="1.0" encoding="UTF-8"?>
<testng-results ignored="0" total="1" passed="1" failed="0" skipped="0">
  <reporter-output>
  </reporter-output>
  <suite started-at="2021-09-07T11:19:06 IST" name="Default suite" finished-at="2021-09-07T11:19:18 IST" duration-ms="12073">
    <groups>
    </groups>
    <test started-at="2021-09-07T11:19:06 IST" name="Default test" finished-at="2021-09-07T11:19:18 IST" duration-ms="12073">
      <class name="learntestng.GridDemo">
        <test-method signature="testLogin()[pri:0, instance:learntestng.GridDemo@4e268090]" started-at="2021-09-07T11:19:06 IST" name="testLogin" finished-at="2021-09-07T11:19:18 IST" duration-ms="12031" status="PASS">
          <reporter-output>
          </reporter-output>
        </test-method> <!-- testLogin -->
      </class> <!-- learntestng.GridDemo -->
    </test> <!-- Default test -->
  </suite> <!-- Default suite -->
</testng-results>
