<?xml version="1.0" encoding="UTF-8" standalone="no"?>
<testsuite failures="0" name="cucumber.runtime.formatter.JUnitFormatter" skipped="0" tests="1" time="12.032703">
    <testcase classname="Verify Login" name="Successful Login with valid credentials" time="12.032703">
        <system-out>
            <![CDATA[Given User is on login page.................................................passed
When user enters email and password and click on login button...............passed
Then user should see logout link............................................passed
]]>
        </system-out>
    </testcase>
</testsuite>
